Loading the Conda module
Activate Conda environment
Start the Python script
-----------------------------------
Starting analysis script...

Getting all businesses to work on

Trimming businesses that we have already reviewed

There are 257 in total

Starting pool processes...
10321: Process started

10321: There are 38 reviews for current business Wicked Spoon Buffet - The Cosmopolitan of Las Vegas
10321: Process started

10321: There are 57 reviews for current business Firefly Tapas Kitchen + Bar - Southwest
10321: Process started

10321: There are 941 reviews for current business Cabo Wabo Cantina Las Vegas
10321: Process started

10321: There are 1851 reviews for current business Bardot Brasserie by Michael Mina ?€? ARIA
10329: Process started

10329: There are 2664 reviews for current business Momofuku Las Vegas
10329: Process started

10329: There are 240 reviews for current business Chayo Mexican Kitchen + Tequila Bar
10326: Process started

10326: There are 3008 reviews for current business The Capital Grille - Las Vegas
10323: Process started

10323: There are 3000 reviews for current business LAVO Italian Restaurant - Las Vegas
10330: Process started

10330: There are 1924 reviews for current business STRIPSTEAK by Michael Mina - Mandalay Bay - Las Vegas
10330: Process started

10330: There are 150 reviews for current business Leticia?€?s Cocina and Cantina - Santa Fe Hotel
10330: Process started

10330: There are 825 reviews for current business Holsteins - The Cosmopolitan of Las Vegas
10317: Process started

10317: There are 1400 reviews for current business Bavette?€?s Steakhouse & Bar ?€? Las Vegas
10317: Process started

10317: There are 1668 reviews for current business MICHAEL MINA Bellagio
10325: Process started

10325: There are 17 reviews for current business Servehzah Bottleshop and Tap Room  New
10325: Process started

10325: There are 0 reviews for current business "Tides Seafood & Sushi Bar - Green Valley Ranch Resort

10325: Writing similarity scores to file for business "Tides Seafood & Sushi Bar - Green Valley Ranch Resort
10325: It took 00:00:12 for 0 reviews
10325: Process started

10325: There are 91 reviews for current business Sundance Grill - Silverton Casino  New
10325: Process started

10325: There are 429 reviews for current business The Charcoal Room - Palace Station Hotel & Casino
10325: Process started

10325: There are 1255 reviews for current business Veranda - Four Seasons Hotel Las Vegas
10325: Process started

10325: There are 1973 reviews for current business Top of Binion's Steakhouse
10319: Process started

10319: There are 3370 reviews for current business Craftsteak - MGM Grand
10320: Process started

10320: There are 429 reviews for current business Siegel's 1941
10320: Process started

10320: There are 570 reviews for current business Joel Robuchon - MGM Grand
10320: Process started

10320: There are 585 reviews for current business Buca di Beppo - Summerlin
10320: Process started

10320: There are 120 reviews for current business Tom Colicchio's Heritage Steaks - Mirage Hotel & Casino
10320: Process started

10320: There are 1051 reviews for current business L'Atelier Joel Robuchon - MGM Grand
10324: Process started

10324: There are 88 reviews for current business Jake & Eli
10324: Process started

10324: There are 1480 reviews for current business Texas de Brazil - Las Vegas
10324: Process started

10324: There are 617 reviews for current business Virgil's Real BBQ - Las Vegas
10324: Process started

10324: There are 2054 reviews for current business China Poblano - The Cosmopolitan of Las Vegas
10331: Process started

10331: There are 178 reviews for current business The Mayfair Supper Club - Bellagio
10331: Process started

10331: There are 12 reviews for current business Mariposa Cocina & Cocktails
10331: Process started

10331: There are 303 reviews for current business Symphony's Restaurant - Pahrump Valley Winery
10331: Process started

10331: There are 286 reviews for current business Gordon Ramsay Burger - Planet Hollywood
10331: Process started

10331: There are 59 reviews for current business The Oyster Bar at Sunset Station Hotel & Casino
10331: Process started

10331: There are 813 reviews for current business Tuscany Gardens - Tuscany Suites & Casino
10331: Process started

10331: There are 39 reviews for current business Caf?? Americano at Paris Las Vegas
10331: Process started

10331: There are 581 reviews for current business The Black Sheep
10331: Process started

10331: There are 0 reviews for current business "Hearthstone Kitchen & Cellar - Red Rock Casino

10331: Writing similarity scores to file for business "Hearthstone Kitchen & Cellar - Red Rock Casino
10331: It took 00:00:12 for 0 reviews
10331: Process started

10331: There are 438 reviews for current business Alder & Birch
10331: Process started

10331: There are 1937 reviews for current business Fogo de Chao - Las Vegas
10314: Process started

10314: There are 1725 reviews for current business Carbone - ARIA
10314: Process started

10314: There are 0 reviews for current business "Blume

10314: Writing similarity scores to file for business "Blume
10314: It took 00:00:12 for 0 reviews
10314: Process started

10314: There are 40 reviews for current business Beaumont?€?s Southern Kitchen - Texas Station Hotel Casino
10314: Process started

10314: There are 135 reviews for current business Lawry's The Prime Rib - Las Vegas
10314: Process started

10314: There are 74 reviews for current business Black Mountain Grill
10314: Process started

10314: There are 2367 reviews for current business VooDoo Steakhouse - Rio All-Suite Hotel & Casino
10315: Process started

10315: There are 0 reviews for current business restaurant

10315: Writing similarity scores to file for business restaurant
10315: It took 00:00:12 for 0 reviews
10315: Process started

10315: There are 696 reviews for current business Hawthorn Grill
10315: Process started

10315: There are 3850 reviews for current business Pampas Las Vegas
10316: Process started

10316: There are 4788 reviews for current business Golden Steer Steakhouse
10328: Process started

10328: There are 3 reviews for current business Grand Ballroom at Rhythm Kitchen Seafood & Steaks - Upstairs
10328: Process started

10328: There are 0 reviews for current business "RA Sushi Bar Restaurant - Las Vegas

10328: Writing similarity scores to file for business "RA Sushi Bar Restaurant - Las Vegas
10328: It took 00:00:12 for 0 reviews
10328: Process started

10328: There are 2920 reviews for current business Ruth's Chris Steak House - Harrah's Las Vegas
10328: Process started

10328: There are 1215 reviews for current business Sterling Brunch Buffet - Bally's Las Vegas
multiprocessing.pool.RemoteTraceback: 
"""
Traceback (most recent call last):
  File "/home/vo.ma/.conda/envs/yelp/lib/python3.7/multiprocessing/pool.py", line 121, in worker
    result = (True, func(*args, **kwds))
  File "/home/vo.ma/.conda/envs/yelp/lib/python3.7/multiprocessing/pool.py", line 44, in mapstar
    return list(map(*args))
  File "open_table.py", line 590, in start_calculations
    writer = csv.DictWriter(file, final_to_write[0].keys())
IndexError: list index out of range
"""

The above exception was the direct cause of the following exception:

Traceback (most recent call last):
  File "open_table.py", line 671, in <module>
    results = pool.map(start_calculations, businesses) 
  File "/home/vo.ma/.conda/envs/yelp/lib/python3.7/multiprocessing/pool.py", line 268, in map
    return self._map_async(func, iterable, mapstar, chunksize).get()
  File "/home/vo.ma/.conda/envs/yelp/lib/python3.7/multiprocessing/pool.py", line 657, in get
    raise self._value
IndexError: list index out of range
